<?xml version="1.0" encoding="UTF-8"?>
<testng-results skipped="0" failed="0" total="1" passed="1">
  <reporter-output>
  </reporter-output>
  <suite name="Default suite" duration-ms="34938" started-at="2016-05-11T09:08:50Z" finished-at="2016-05-11T09:09:25Z">
    <groups>
    </groups>
    <test name="Default test" duration-ms="34938" started-at="2016-05-11T09:08:50Z" finished-at="2016-05-11T09:09:25Z">
      <class name="com.brooke.utils.temp1">
        <test-method status="PASS" signature="beforeTest()[pri:0, instance:com.brooke.utils.temp1@50c87b21]" name="beforeTest" is-config="true" duration-ms="20" started-at="2016-05-11T17:08:50Z" finished-at="2016-05-11T17:08:50Z">
          <reporter-output>
          </reporter-output>
        </test-method> <!-- beforeTest -->
        <test-method status="PASS" signature="qqLogin()[pri:0, instance:com.brooke.utils.temp1@50c87b21]" name="qqLogin" duration-ms="34865" started-at="2016-05-11T17:08:50Z" finished-at="2016-05-11T17:09:25Z">
          <reporter-output>
          </reporter-output>
        </test-method> <!-- qqLogin -->
        <test-method status="PASS" signature="afterTest()[pri:0, instance:com.brooke.utils.temp1@50c87b21]" name="afterTest" is-config="true" duration-ms="0" started-at="2016-05-11T17:09:25Z" finished-at="2016-05-11T17:09:25Z">
          <reporter-output>
          </reporter-output>
        </test-method> <!-- afterTest -->
      </class> <!-- com.brooke.utils.temp1 -->
    </test> <!-- Default test -->
  </suite> <!-- Default suite -->
</testng-results>
